\\psf\home\desktop\working\github\mygame\release\mygame.pch
\\psf\home\desktop\working\github\mygame\release\vc120.pdb
\\psf\home\desktop\working\github\mygame\release\stdafx.obj
\\psf\home\desktop\working\github\mygame\release\gameengine.obj
\\psf\home\desktop\working\github\mygame\release\font.obj
\\psf\home\desktop\working\github\mygame\release\button.obj
\\psf\home\desktop\working\github\mygame\release\box2ddebugrenderer.obj
\\psf\home\desktop\working\github\mygame\release\bitmap.obj
\\psf\home\desktop\working\github\mygame\release\audiosystem.obj
\\psf\home\desktop\working\github\mygame\release\audiodecoder.obj
\\psf\home\desktop\working\github\mygame\release\enemylist.obj
\\psf\home\desktop\working\github\mygame\release\damagehero.obj
\\psf\home\desktop\working\github\mygame\release\camera.obj
\\psf\home\desktop\working\github\mygame\release\booster.obj
\\psf\home\desktop\working\github\mygame\release\bitmapmanager.obj
\\psf\home\desktop\working\github\mygame\release\bulletlist.obj
\\psf\home\desktop\working\github\mygame\release\polarstarbullet.obj
\\psf\home\desktop\working\github\mygame\release\pickupbase.obj
\\psf\home\desktop\working\github\mygame\release\pause.obj
\\psf\home\desktop\working\github\mygame\release\healthup.obj
\\psf\home\desktop\working\github\mygame\release\entity.obj
\\psf\home\desktop\working\github\mygame\release\doritos.obj
\\psf\home\desktop\working\github\mygame\release\abstractgame.obj
\\psf\home\desktop\working\github\mygame\release\svgparser.obj
\\psf\home\desktop\working\github\mygame\release\structs.obj
\\psf\home\desktop\working\github\mygame\release\string.obj
\\psf\home\desktop\working\github\mygame\release\mainmenu.obj
\\psf\home\desktop\working\github\mygame\release\maingame.obj
\\psf\home\desktop\working\github\mygame\release\leveloutdoor.obj
\\psf\home\desktop\working\github\mygame\release\iomanager.obj
\\psf\home\desktop\working\github\mygame\release\hud.obj
\\psf\home\desktop\working\github\mygame\release\hero.obj
\\psf\home\desktop\working\github\mygame\release\sound.obj
\\psf\home\desktop\working\github\mygame\release\precisiontimer.obj
\\psf\home\desktop\working\github\mygame\release\physicsrevolutejoint.obj
\\psf\home\desktop\working\github\mygame\release\physicsprismaticjoint.obj
\\psf\home\desktop\working\github\mygame\release\physicsdistancejoint.obj
\\psf\home\desktop\working\github\mygame\release\physicsactor.obj
\\psf\home\desktop\working\github\mygame\release\inputmanager.obj
\\psf\home\desktop\working\github\mygame\release\guibase.obj
\\psf\home\desktop\working\github\mygame\release\gamewinmain.obj
\\psf\home\desktop\working\github\mygame\release\exit.obj
\\psf\home\desktop\working\github\mygame\release\gamesettings.obj
\\psf\home\desktop\working\github\mygame\release\buttonmanager.obj
\\psf\home\desktop\working\github\mygame\release\enemy.obj
\\psf\home\desktop\working\github\mygame\release\contactlistener.obj
\\psf\home\desktop\working\github\mygame\release\mygame.obj
\\psf\home\desktop\working\github\mygame\release\textbox.obj
\\psf\home\desktop\working\github\mygame\release\mygame.res
\\psf\home\desktop\working\github\mygame\release\mygame.tlog\cl.command.1.tlog
\\psf\home\desktop\working\github\mygame\release\mygame.tlog\cl.read.1.tlog
\\psf\home\desktop\working\github\mygame\release\mygame.tlog\cl.write.1.tlog
\\psf\home\desktop\working\github\mygame\release\mygame.tlog\link.command.1.tlog
\\psf\home\desktop\working\github\mygame\release\mygame.tlog\link.read.1.tlog
\\psf\home\desktop\working\github\mygame\release\mygame.tlog\link.write.1.tlog
\\psf\home\desktop\working\github\mygame\release\mygame.tlog\rc.command.1.tlog
\\psf\home\desktop\working\github\mygame\release\mygame.tlog\rc.read.1.tlog
\\psf\home\desktop\working\github\mygame\release\mygame.tlog\rc.write.1.tlog
