Build started 4/22/2015 1:25:51 AM.
     1>Project "\\psf\Home\Desktop\WORKING\Github\MyGame\MyGame.vcxproj" on node 2 (Rebuild target(s)).
     1>ClCompile:
         C:\Program Files (x86)\Microsoft Visual Studio 12.0\VC\bin\CL.exe /c /I./Box2DInclude /Zi /nologo /W3 /WX- /sdl /O2 /Oi /Oy- /GL /D WIN32 /D NDEBUG /D _WINDOWS /D _UNICODE /D UNICODE /Gm- /EHsc /MD /GS /Gy /fp:precise /Zc:wchar_t /Zc:forScope /Yc"stdafx.h" /Fp"Release\MyGame.pch" /Fo"Release\\" /Fd"Release\vc120.pdb" /Gd /TP /analyze- /errorReport:prompt stdafx.cpp
         stdafx.cpp
         C:\Program Files (x86)\Microsoft Visual Studio 12.0\VC\bin\CL.exe /c /I./Box2DInclude /Zi /nologo /W3 /WX- /sdl /O2 /Oi /Oy- /GL /D WIN32 /D NDEBUG /D _WINDOWS /D _UNICODE /D UNICODE /Gm- /EHsc /MD /GS /Gy /fp:precise /Zc:wchar_t /Zc:forScope /Yu"stdafx.h" /Fp"Release\MyGame.pch" /Fo"Release\\" /Fd"Release\vc120.pdb" /Gd /TP /analyze- /errorReport:prompt AbstractGame.cpp Doritos.cpp Entity.cpp HealthUp.cpp Pause.cpp PickUpBase.cpp PolarStarBullet.cpp BulletList.cpp BitmapManager.cpp Booster.cpp Camera.cpp DamageHero.cpp EnemyList.cpp EngineFiles\AudioDecoder.cpp EngineFiles\AudioSystem.cpp EngineFiles\Bitmap.cpp EngineFiles\Box2DDebugRenderer.cpp EngineFiles\Button.cpp EngineFiles\Font.cpp EngineFiles\GameEngine.cpp EngineFiles\GameSettings.cpp Exit.cpp GameWinMain.cpp EngineFiles\GUIBase.cpp EngineFiles\InputManager.cpp EngineFiles\PhysicsActor.cpp EngineFiles\PhysicsDistanceJoint.cpp EngineFiles\PhysicsPrismaticJoint.cpp EngineFiles\PhysicsRevoluteJoint.cpp EngineFiles\PrecisionTimer.cpp EngineFiles\Sound.cpp Hero.cpp HUD.cpp IOManager.cpp LevelOutdoor.cpp MainGame.cpp MainMenu.cpp EngineFiles\String.cpp EngineFiles\Structs.cpp EngineFiles\SVGParser.cpp EngineFiles\TextBox.cpp MyGame.cpp ContactListener.cpp Enemy.cpp ButtonManager.cpp
         AbstractGame.cpp
         Doritos.cpp
         Entity.cpp
         HealthUp.cpp
         Pause.cpp
         PickUpBase.cpp
     1>PickUpBase.cpp(42): warning C4244: '=' : conversion from 'double' to 'LONG', possible loss of data
     1>PickUpBase.cpp(55): warning C4244: '=' : conversion from 'double' to 'int', possible loss of data
         PolarStarBullet.cpp
         BulletList.cpp
         BitmapManager.cpp
         Booster.cpp
         Camera.cpp
         DamageHero.cpp
         EnemyList.cpp
         AudioDecoder.cpp
         AudioSystem.cpp
         Bitmap.cpp
         Box2DDebugRenderer.cpp
         Button.cpp
         Font.cpp
         GameEngine.cpp
         Compiling...
         GameSettings.cpp
         Exit.cpp
         GameWinMain.cpp
         GUIBase.cpp
         InputManager.cpp
         PhysicsActor.cpp
         PhysicsDistanceJoint.cpp
         PhysicsPrismaticJoint.cpp
         PhysicsRevoluteJoint.cpp
         PrecisionTimer.cpp
         Sound.cpp
         Hero.cpp
         HUD.cpp
         IOManager.cpp
         LevelOutdoor.cpp
         MainGame.cpp
         MainMenu.cpp
         String.cpp
         Structs.cpp
         SVGParser.cpp
         Compiling...
         TextBox.cpp
         MyGame.cpp
         ContactListener.cpp
         Enemy.cpp
         ButtonManager.cpp
       ResourceCompile:
         C:\Program Files (x86)\Windows Kits\8.1\bin\x86\rc.exe /D _UNICODE /D UNICODE /l"0x0409" /nologo /fo"Release\MyGame.res" MyGame.rc 
       Link:
         C:\Program Files (x86)\Microsoft Visual Studio 12.0\VC\bin\link.exe /ERRORREPORT:PROMPT /OUT:"\\psf\Home\Desktop\WORKING\Github\MyGame\Release\MyGame.exe" /INCREMENTAL:NO /NOLOGO kernel32.lib user32.lib gdi32.lib winspool.lib comdlg32.lib advapi32.lib shell32.lib ole32.lib oleaut32.lib uuid.lib odbc32.lib odbccp32.lib /MANIFEST /MANIFESTUAC:"level='asInvoker' uiAccess='false'" /manifest:embed /DEBUG /PDB:"\\psf\Home\Desktop\WORKING\Github\MyGame\Release\MyGame.pdb" /SUBSYSTEM:WINDOWS /OPT:REF /OPT:ICF /LTCG /TLBID:1 /DYNAMICBASE /NXCOMPAT /IMPLIB:"\\psf\Home\Desktop\WORKING\Github\MyGame\Release\MyGame.lib" /MACHINE:X86 /SAFESEH Release\MyGame.res
         Release\AbstractGame.obj
         Release\Doritos.obj
         Release\Entity.obj
         Release\HealthUp.obj
         Release\Pause.obj
         Release\PickUpBase.obj
         Release\PolarStarBullet.obj
         Release\BulletList.obj
         Release\BitmapManager.obj
         Release\Booster.obj
         Release\Camera.obj
         Release\DamageHero.obj
         Release\EnemyList.obj
         Release\AudioDecoder.obj
         Release\AudioSystem.obj
         Release\Bitmap.obj
         Release\Box2DDebugRenderer.obj
         Release\Button.obj
         Release\Font.obj
         Release\GameEngine.obj
         Release\GameSettings.obj
         Release\Exit.obj
         Release\GameWinMain.obj
         Release\GUIBase.obj
         Release\InputManager.obj
         Release\PhysicsActor.obj
         Release\PhysicsDistanceJoint.obj
         Release\PhysicsPrismaticJoint.obj
         Release\PhysicsRevoluteJoint.obj
         Release\PrecisionTimer.obj
         Release\Sound.obj
         Release\Hero.obj
         Release\HUD.obj
         Release\IOManager.obj
         Release\LevelOutdoor.obj
         Release\MainGame.obj
         Release\MainMenu.obj
         Release\stdafx.obj
         Release\String.obj
         Release\Structs.obj
         Release\SVGParser.obj
         Release\TextBox.obj
         Release\MyGame.obj
         Release\ContactListener.obj
         Release\Enemy.obj
         Release\ButtonManager.obj
         Box2DInclude\Box2DRelease.lib
     1>LINK : fatal error LNK1181: cannot open input file 'Box2DInclude\Box2DRelease.lib'
     1>Done Building Project "\\psf\Home\Desktop\WORKING\Github\MyGame\MyGame.vcxproj" (Rebuild target(s)) -- FAILED.

Build FAILED.

Time Elapsed 00:00:11.26
